<?xml version="1.0" encoding="UTF-8"?>
<testsuite name="tests.RegistrationTest" tests="1" skipped="0" failures="0" errors="0" timestamp="2024-03-23T10:19:52" hostname="MBP-MacBook.HomeLAN" time="3.74">
  <properties/>
  <testcase name="successfulRegistrationTest()" classname="tests.RegistrationTest" time="3.74"/>
  <system-out><![CDATA[     Запуск конфигураций
]]></system-out>
  <system-err><![CDATA[[Test worker] INFO com.codeborne.selenide.impl.WebDriverThreadLocalContainer - No webdriver is bound to current thread: 1 - let's create a new webdriver
[Test worker] INFO com.codeborne.selenide.impl.FileHelper - Creating folder: /Users/user/IdeaProjects/Jenkins_qaGuru/build/downloads/1711189192146_8160_1
мар. 23, 2024 1:19:53 PM org.openqa.selenium.devtools.CdpVersionFinder findNearestMatch
WARNING: Unable to find an exact match for CDP version 123, returning the closest version; found: 119; Please update to a Selenium version that supports CDP version 123
[Test worker] INFO com.codeborne.selenide.webdriver.WebDriverFactory - BrowserName=chrome Version=123.0.6312.59 Platform=mac
[Test worker] INFO com.codeborne.selenide.webdriver.WebDriverFactory - Selenide v. 7.0.2
[Test worker] INFO com.codeborne.selenide.webdriver.WebDriverFactory - Selenium WebDriver v. 4.15.0 build revision: 1d14b5521b
[Test worker] INFO com.codeborne.selenide.drivercommands.CreateDriverCommand - Created webdriver in thread 1: ChromeDriver -> ChromeDriver: chrome on mac (def6312fdf1c5f41c659f0e86030d03e), downloadsFolder: /Users/user/IdeaProjects/Jenkins_qaGuru/build/downloads/1711189192146_8160_1
[Test worker] INFO com.codeborne.selenide.drivercommands.DisposablesRegistry - Register WebDriverInstance[config=StaticConfig, webDriver=ChromeDriver: chrome on mac (def6312fdf1c5f41c659f0e86030d03e), proxy=null, downloadsFolder=/Users/user/IdeaProjects/Jenkins_qaGuru/build/downloads/1711189192146_8160_1] in 1 [size=1]
[Test worker] INFO com.codeborne.selenide.drivercommands.DisposablesRegistry - Add shutdown hook in 1 [size=1]
]]></system-err>
</testsuite>
